<?xml version="1.0" encoding="UTF-8"?>
<testsuite xmlns:xsi="http://www.w3.org/2001/XMLSchema-instance" xsi:noNamespaceSchemaLocation="https://maven.apache.org/surefire/maven-surefire-plugin/xsd/surefire-test-report.xsd" name="com.mediscreen.patient.service.PatientServiceTests" time="5.764" tests="10" errors="0" skipped="0" failures="0">
  <properties>
[...]
</properties>
  <testcase name="addPatient_OK" classname="com.mediscreen.patient.service.PatientServiceTests" time="0.249"/>
  <testcase name="updatePatient_AnotherPatientIsTheSame" classname="com.mediscreen.patient.service.PatientServiceTests" time="0.028"/>
  <testcase name="getPatient_NotExist" classname="com.mediscreen.patient.service.PatientServiceTests" time="0.009"/>
  <testcase name="getPatientByFamilyName_OK" classname="com.mediscreen.patient.service.PatientServiceTests" time="0.012"/>
  <testcase name="updatePatient_NotExist" classname="com.mediscreen.patient.service.PatientServiceTests" time="0.009"/>
  <testcase name="getAllPatients" classname="com.mediscreen.patient.service.PatientServiceTests" time="0.015"/>
  <testcase name="updatePatient_OK" classname="com.mediscreen.patient.service.PatientServiceTests" time="0.009"/>
  <testcase name="addPatient_AlreadyExist" classname="com.mediscreen.patient.service.PatientServiceTests" time="0.009"/>
  <testcase name="getPatientByFamilyName_NotExist" classname="com.mediscreen.patient.service.PatientServiceTests" time="0.008"/>
  <testcase name="getPatient_OK" classname="com.mediscreen.patient.service.PatientServiceTests" time="0.008"/>
</testsuite>